
ROM used: 1322 (16%)
          1322 (16%) including unused fragments

          2 Average locations per line
          9 Average locations per statement

RAM used: 11 (3%) at main() level
          45 (12%) worst case

Stack used: 2 worst case (out of 8 total available)

Lines Stmts  %   Files
----- ----- ---  -----
   44    24  17  main.c
  326     0   0  ..\..\..\..\..\..\..\Program Files (x86)\PICC\devices\16f877a.h
   37     0   0  ..\..\..\..\..\..\..\Program Files (x86)\PICC\drivers\stdio.h
  409   121  83  ..\..\..\..\..\..\..\Program Files (x86)\PICC\drivers\string.h
   28     0   0  ..\..\..\..\..\..\..\Program Files (x86)\PICC\drivers\stddef.h
   28     0   0  ..\..\..\..\..\..\..\Program Files (x86)\PICC\drivers\ctype.h
----- -----
  872   145 Total

Page ROM  %  RAM   Vol Diff  Functions:
---- --- --- ---   --- ----  ----------
0    338  26   4   827  5.6  MAIN
0     29   2   2             @ITOF
0    117   9  13             @MULFF
0    202  15  14             @DIVFF
0     17   1   0             @const177
0     80   6   4             @PSTRINGCN7_9600_62_63
0    118   9   9             @PRINTF_LD_9600_62_63
0     18   1   0             @const182
 Inline        5             @FTOSD
0     66   5  13             @DIV3232
0    235  18  13             @PRINTF_L32D_9600_62_63FPFPF
0     17   1   0             @const191
0     18   1   0             @const192
0     63   5  10             @FLT

Program metrics:
    Functions               1
    Statements              145
    Comments                258
    Volume (V)              857
    Difficilty (D)          4.7
    Effort to implement (E) 4021
    Time to implement (T)   4 minutes
    Est Delivered Bugs (B)  0
    Cyclomatic Complexity   2
    Maintainability (MI)    42

 Segment     Used  Free
-----------  ----  ----
00000-00003     4  0  
00004-007FF  1318  726  
00800-00FFF     0  2048  
01000-017FF     0  2048  
01800-01FFF     0  2048  



