
ROM used: 186 (2%)
          186 (2%) including unused fragments

          1 Average locations per line
          13 Average locations per statement

RAM used: 14 (4%) at main() level
          19 (5%) worst case

Stack used: 3 worst case (out of 8 total available)

Lines Stmts  %   Files
----- ----- ---  -----
   37    14 100  main.c
  326     0   0  ..\..\..\..\..\..\..\Program Files (x86)\PICC\devices\16f877a.h
----- -----
  363    14 Total

Page ROM  %  RAM   Vol Diff  Functions:
---- --- --- ---   --- ----  ----------
0      5   3   0    17  0.8  timer_0
0     55  30   0   277  4.0  MAIN
0     21  11   3             @DIV88
0     58  31   2             @PRINTF_U_6900_62_63

Program metrics:
    Functions               2
    Statements              14
    Comments                75
    Volume (V)              328
    Difficilty (D)          4.7
    Effort to implement (E) 1535
    Time to implement (T)   1 minutes
    Est Delivered Bugs (B)  0
    Cyclomatic Complexity   1
    Maintainability (MI)    110

 Segment     Used  Free
-----------  ----  ----
00000-00003     4  0  
00004-0002E    43  0  
0002F-007FF   139  1862  
00800-00FFF     0  2048  
01000-017FF     0  2048  
01800-01FFF     0  2048  



