CCS PCM C Compiler, Version 4.104, 5967               28-may.-20 13:24

               Filename: C:\Users\EHef_\Documents\OCTAVO-SEMESTRE-ESCOM\Instru\proyectosPic\timer0ComoTemporizador\main.lst

               ROM used: 81 words (1%)
                         Largest free fragment is 2048
               RAM used: 12 (3%) at main() level
                         12 (3%) worst case
               Stack:    1 worst case (0 in main + 1 for interrupts)

*
0000:  MOVLW  00
0001:  MOVWF  0A
0002:  GOTO   03A
0003:  NOP
0004:  MOVWF  7F
0005:  SWAPF  03,W
0006:  CLRF   03
0007:  MOVWF  21
0008:  MOVF   0A,W
0009:  MOVWF  20
000A:  CLRF   0A
000B:  MOVF   04,W
000C:  MOVWF  22
000D:  MOVF   77,W
000E:  MOVWF  23
000F:  MOVF   78,W
0010:  MOVWF  24
0011:  MOVF   79,W
0012:  MOVWF  25
0013:  MOVF   7A,W
0014:  MOVWF  26
0015:  BCF    03.7
0016:  BCF    03.5
0017:  BTFSS  0B.5
0018:  GOTO   01B
0019:  BTFSC  0B.2
001A:  GOTO   02C
001B:  MOVF   22,W
001C:  MOVWF  04
001D:  MOVF   23,W
001E:  MOVWF  77
001F:  MOVF   24,W
0020:  MOVWF  78
0021:  MOVF   25,W
0022:  MOVWF  79
0023:  MOVF   26,W
0024:  MOVWF  7A
0025:  MOVF   20,W
0026:  MOVWF  0A
0027:  SWAPF  21,W
0028:  MOVWF  03
0029:  SWAPF  7F,F
002A:  SWAPF  7F,W
002B:  RETFIE
002C:  BCF    0A.3
002D:  BCF    0A.4
002E:  GOTO   02F
.................... #include <16f877a.h> 
.................... //////// Standard Header file for the PIC16F877A device //////////////// 
.................... #device PIC16F877A 
.................... #list 
....................  
.................... #use delay (clock=4MHZ) 
.................... #fuses xt, protect, nowdt 
....................  
....................  
.................... #int_timer0 
.................... void timer_0(){ 
....................    output_toggle(pin_b0); 
002F:  BSF    03.5
0030:  BCF    06.0
0031:  MOVLW  01
0032:  BCF    03.5
0033:  XORWF  06,F
....................    set_timer0(227);//aqui va 'x' 
0034:  MOVLW  E3
0035:  MOVWF  01
.................... } 
....................  
0036:  BCF    0B.2
0037:  BCF    0A.3
0038:  BCF    0A.4
0039:  GOTO   01B
.................... void main() 
.................... { 
003A:  CLRF   04
003B:  BCF    03.7
003C:  MOVLW  1F
003D:  ANDWF  03,F
003E:  BSF    03.5
003F:  BSF    1F.0
0040:  BSF    1F.1
0041:  BSF    1F.2
0042:  BCF    1F.3
0043:  MOVLW  07
0044:  MOVWF  1C
....................    setup_timer_0(rtcc_internal|rtcc_div_16); 
0045:  MOVF   01,W
0046:  ANDLW  C0
0047:  IORLW  03
0048:  MOVWF  01
....................    set_timer0(227); 
0049:  MOVLW  E3
004A:  BCF    03.5
004B:  MOVWF  01
....................    enable_interrupts(int_timer0); 
004C:  BSF    0B.5
....................    enable_interrupts(global); 
004D:  MOVLW  C0
004E:  IORWF  0B,F
....................     
....................    while(true){ 
....................     
....................    } 
004F:  GOTO   04F
....................  
.................... } 
0050:  SLEEP

Configuration Fuses:
   Word  1: 1F71   XT NOWDT PUT PROTECT NODEBUG BROWNOUT NOLVP NOCPD NOWRT
