
ROM used: 81 (1%)
          81 (1%) including unused fragments

          0 Average locations per line
          10 Average locations per statement

RAM used: 12 (3%) at main() level
          12 (3%) worst case

Stack used: 1 worst case (out of 8 total available)

Lines Stmts  %   Files
----- ----- ---  -----
   24     8 100  main.c
  326     0   0  ..\..\..\..\..\..\..\Program Files (x86)\PICC\devices\16f877a.h
----- -----
  350     8 Total

Page ROM  %  RAM   Vol Diff  Functions:
---- --- --- ---   --- ----  ----------
0     11  14   0    32  1.0  timer_0
0     23  28   0    98  2.1  MAIN

Program metrics:
    Functions               2
    Statements              8
    Comments                76
    Volume (V)              160
    Difficilty (D)          3.1
    Effort to implement (E) 497
    Time to implement (T)   0 minutes
    Est Delivered Bugs (B)  0
    Cyclomatic Complexity   1
    Maintainability (MI)    119

 Segment     Used  Free
-----------  ----  ----
00000-00003     4  0  
00004-0002E    43  0  
0002F-007FF    34  1967  
00800-00FFF     0  2048  
01000-017FF     0  2048  
01800-01FFF     0  2048  



