
ROM used: 1244 (15%)
          1244 (15%) including unused fragments

          1 Average locations per line
          9 Average locations per statement

RAM used: 23 (6%) at main() level
          45 (12%) worst case

Stack used: 2 worst case (out of 8 total available)

Lines Stmts  %   Files
----- ----- ---  -----
   35    16  12  main.c
  326     0   0  ..\..\..\..\..\..\..\Program Files (x86)\PICC\devices\16f877a.h
   37     0   0  ..\..\..\..\..\..\..\Program Files (x86)\PICC\drivers\stdio.h
  409   121  88  ..\..\..\..\..\..\..\Program Files (x86)\PICC\drivers\string.h
   28     0   0  ..\..\..\..\..\..\..\Program Files (x86)\PICC\drivers\stddef.h
   28     0   0  ..\..\..\..\..\..\..\Program Files (x86)\PICC\drivers\ctype.h
----- -----
  863   137 Total

Page ROM  %  RAM   Vol Diff  Functions:
---- --- --- ---   --- ----  ----------
0     23   2   1             @delay_ms1
0    300  24  16   532  3.7  MAIN
0     29   2   2             @ITOF
0    117   9  13             @MULFF
0    202  16  14             @DIVFF
0     17   1   0             @const175
0     80   6   4             @PSTRINGCN7_9600_62_63
0    118   9   9             @PRINTF_LD_9600_62_63
0     18   1   0             @const180
 Inline        5             @FTOSD
0     66   5  13             @DIV3232
0    235  19  13             @PRINTF_L32D_9600_62_63FPFPF
0     17   1   0             @const189
0     18   1   0             @const190

Program metrics:
    Functions               1
    Statements              137
    Comments                257
    Volume (V)              560
    Difficilty (D)          2.9
    Effort to implement (E) 1605
    Time to implement (T)   1 minutes
    Est Delivered Bugs (B)  0
    Cyclomatic Complexity   1
    Maintainability (MI)    44

 Segment     Used  Free
-----------  ----  ----
00000-00003     4  0  
00004-007FF  1240  804  
00800-00FFF     0  2048  
01000-017FF     0  2048  
01800-01FFF     0  2048  



