
ROM used: 97 (1%)
          97 (1%) including unused fragments

          0 Average locations per line
          9 Average locations per statement

RAM used: 8 (2%) at main() level
          8 (2%) worst case

Stack used: 1 worst case (out of 8 total available)

Lines Stmts  %   Files
----- ----- ---  -----
   27    11 100  main.c
  326     0   0  ..\..\..\..\..\..\..\Program Files (x86)\PICC\devices\16f877a.h
----- -----
  353    11 Total

Page ROM  %  RAM   Vol Diff  Functions:
---- --- --- ---   --- ----  ----------
0     21  22   1             @delay_ms1
0     72  74   1   292  4.6  main

Program metrics:
    Functions               1
    Statements              11
    Comments                77
    Volume (V)              295
    Difficilty (D)          4.4
    Effort to implement (E) 1303
    Time to implement (T)   1 minutes
    Est Delivered Bugs (B)  0
    Cyclomatic Complexity   3
    Maintainability (MI)    145

 Segment     Used  Free
-----------  ----  ----
00000-00003     4  0  
00004-007FF    93  1951  
00800-00FFF     0  2048  
01000-017FF     0  2048  
01800-01FFF     0  2048  



