
ROM used: 1569 (19%)
          1569 (19%) including unused fragments

          2 Average locations per line
          11 Average locations per statement

RAM used: 27 (7%) at main() level
          53 (14%) worst case

Stack used: 2 worst case (out of 8 total available)

Lines Stmts  %   Files
----- ----- ---  -----
   40    22  15  main.c
  326     0   0  ..\..\..\..\..\..\..\Program Files (x86)\PICC\devices\16f877a.h
   37     0   0  ..\..\..\..\..\..\..\Program Files (x86)\PICC\drivers\stdio.h
  409   121  85  ..\..\..\..\..\..\..\Program Files (x86)\PICC\drivers\string.h
   28     0   0  ..\..\..\..\..\..\..\Program Files (x86)\PICC\drivers\stddef.h
   28     0   0  ..\..\..\..\..\..\..\Program Files (x86)\PICC\drivers\ctype.h
----- -----
  868   143 Total

Page ROM  %  RAM   Vol Diff  Functions:
---- --- --- ---   --- ----  ----------
0     21   1   1             @delay_ms1
0    553  35   4   811  4.2  MAIN
0     21   1   5             @MUL1616
0     29   2   2             @ITOF
0    202  13  14             @DIVFF
0    117   7  13             @MULFF
0    321  20  16             @ADDFF
 Inline        5             @FTOSD
0     66   4  13             @DIV3232
0    235  15  13             @PRINTF_L32D_9600_62_63FPFPF

Program metrics:
    Functions               1
    Statements              143
    Comments                258
    Volume (V)              833
    Difficilty (D)          3.7
    Effort to implement (E) 3080
    Time to implement (T)   3 minutes
    Est Delivered Bugs (B)  0
    Cyclomatic Complexity   1
    Maintainability (MI)    43

 Segment     Used  Free
-----------  ----  ----
00000-00003     4  0  
00004-007FF  1565  479  
00800-00FFF     0  2048  
01000-017FF     0  2048  
01800-01FFF     0  2048  



