
ROM used: 100 (1%)
          100 (1%) including unused fragments

          0 Average locations per line
          8 Average locations per statement

RAM used: 10 (3%) at main() level
          10 (3%) worst case

Stack used: 0 worst case (out of 8 total available)

Lines Stmts  %   Files
----- ----- ---  -----
   23    12 100  Configuración_PWM_motor.c
  326     0   0  ..\..\..\..\..\..\..\Program Files (x86)\PICC\devices\16f877a.h
----- -----
  349    12 Total

Page ROM  %  RAM   Vol Diff  Functions:
---- --- --- ---   --- ----  ----------
0     96  96   0   253  2.8  main

Program metrics:
    Functions               1
    Statements              12
    Comments                75
    Volume (V)              253
    Difficilty (D)          2.8
    Effort to implement (E) 697
    Time to implement (T)   1 minutes
    Est Delivered Bugs (B)  0
    Cyclomatic Complexity   1
    Maintainability (MI)    139

 Segment     Used  Free
-----------  ----  ----
00000-00003     4  0  
00004-007FF    96  1948  
00800-00FFF     0  2048  
01000-017FF     0  2048  
01800-01FFF     0  2048  



