
ROM used: 865 (11%)
          865 (11%) including unused fragments

          1 Average locations per line
          6 Average locations per statement

RAM used: 23 (6%) at main() level
          58 (16%) worst case

Stack used: 5 worst case (out of 8 total available)

Lines Stmts  %   Files
----- ----- ---  -----
   80    31  20  main.c
  326     0   0  ..\..\..\..\..\..\..\Program Files (x86)\PICC\devices\16f877a.h
   37     0   0  ..\..\..\..\..\..\..\Program Files (x86)\PICC\drivers\stdio.h
  409   121  80  ..\..\..\..\..\..\..\Program Files (x86)\PICC\drivers\string.h
   28     0   0  ..\..\..\..\..\..\..\Program Files (x86)\PICC\drivers\stddef.h
   28     0   0  ..\..\..\..\..\..\..\Program Files (x86)\PICC\drivers\ctype.h
----- -----
  908   152 Total

Page ROM  %  RAM   Vol Diff  Functions:
---- --- --- ---   --- ----  ----------
0      9   1   0    33  1.3  timer1_isr
0      5   1   0    17  0.8  timer_0
0    118  14   0    74  2.9  rda_isr
0     83  10   0   430  4.6  MAIN
0     39   5   2             @MUL88
0     21   2   3             @DIV88
0    107  12   6             @PRINTF_D_9600_62_63
 Inline        2   145  2.5  pulsaciones
 Inline        2             @ITOF
 Inline       13             @MULFF
 Inline        5             @FTOSD
0     66   8  13             @DIV3232
0    352  41  13             @PRINTF_L32D_9600_62_63FPFPF

Program metrics:
    Functions               5
    Statements              152
    Comments                257
    Volume (V)              978
    Difficilty (D)          11.6
    Effort to implement (E) 11374
    Time to implement (T)   11 minutes
    Est Delivered Bugs (B)  0
    Cyclomatic Complexity   2
    Maintainability (MI)    38

 Segment     Used  Free
-----------  ----  ----
00000-00003     4  0  
00004-00040    61  0  
00041-007FF   800  1183  
00800-00FFF     0  2048  
01000-017FF     0  2048  
01800-01FFF     0  2048  



