
ROM used: 398 (5%)
          398 (5%) including unused fragments

          0 Average locations per line
          3 Average locations per statement

RAM used: 16 (4%) at main() level
          24 (7%) worst case

Stack used: 3 worst case (out of 8 total available)

Lines Stmts  %   Files
----- ----- ---  -----
   30    13  10  main.c
  326     0   0  ..\..\..\..\..\..\..\Program Files (x86)\PICC\devices\16f877a.h
   37     0   0  ..\..\..\..\..\..\..\Program Files (x86)\PICC\drivers\stdio.h
  409   121  90  ..\..\..\..\..\..\..\Program Files (x86)\PICC\drivers\string.h
   28     0   0  ..\..\..\..\..\..\..\Program Files (x86)\PICC\drivers\stddef.h
   28     0   0  ..\..\..\..\..\..\..\Program Files (x86)\PICC\drivers\ctype.h
----- -----
  858   134 Total

Page ROM  %  RAM   Vol Diff  Functions:
---- --- --- ---   --- ----  ----------
0     23   6   1             @delay_ms1
0      5   1   0    17  0.8  timer_0
0     71  18   1   272  3.6  MAIN
0     11   3   0             @const165
0     74  19   3             @PSTRINGC7_9600_62_63
0     39  10   2             @MUL88
0     21   5   3             @DIV88
0    107  27   6             @PRINTF_D_9600_62_63

Program metrics:
    Functions               2
    Statements              134
    Comments                257
    Volume (V)              330
    Difficilty (D)          3.9
    Effort to implement (E) 1274
    Time to implement (T)   1 minutes
    Est Delivered Bugs (B)  0
    Cyclomatic Complexity   1
    Maintainability (MI)    28

 Segment     Used  Free
-----------  ----  ----
00000-00003     4  0  
00004-0002E    43  0  
0002F-007FF   351  1650  
00800-00FFF     0  2048  
01000-017FF     0  2048  
01800-01FFF     0  2048  



