
ROM used: 658 (8%)
          658 (8%) including unused fragments

          1 Average locations per line
          5 Average locations per statement

RAM used: 19 (5%) at main() level
          45 (12%) worst case

Stack used: 3 worst case (out of 8 total available)

Lines Stmts  %   Files
----- ----- ---  -----
   57    22  15  Interrupcionn.c
  326     0   0  ..\..\..\..\..\..\Program Files\PICC\devices\16f877a.h
   37     0   0  ..\..\..\..\..\..\Program Files\PICC\drivers\stdio.h
  409   121  85  ..\..\..\..\..\..\Program Files\PICC\drivers\string.h
   28     0   0  ..\..\..\..\..\..\Program Files\PICC\drivers\stddef.h
   28     0   0  ..\..\..\..\..\..\Program Files\PICC\drivers\ctype.h
----- -----
  885   143 Total

Page ROM  %  RAM   Vol Diff  Functions:
---- --- --- ---   --- ----  ----------
0    145  22   0   262  3.6  rda_isr
0     13   2   0    48  1.4  @goto10402
0     33   5   0    48  1.4  MAIN
 Inline        2   145  2.5  pulsaciones
 Inline        2             @ITOF
 Inline       13             @MULFF
 Inline        5             @FTOSD
0     66  10  13             @DIV3232
0    352  53  13             @PRINTF_L32D_9600_62_63FPFPF

Program metrics:
    Functions               4
    Statements              143
    Comments                257
    Volume (V)              721
    Difficilty (D)          8.2
    Effort to implement (E) 5910
    Time to implement (T)   5 minutes
    Est Delivered Bugs (B)  0
    Cyclomatic Complexity   5
    Maintainability (MI)    78

 Segment     Used  Free
-----------  ----  ----
00000-00003     4  0  
00004-00030    45  0  
00031-007FF   609  1390  
00800-00FFF     0  2048  
01000-017FF     0  2048  
01800-01FFF     0  2048  



